{"/Users/darkmatter/Documents/Projects/real-time-sockets/middleware/src/configs/appConfigs.ts": {"path":"/Users/darkmatter/Documents/Projects/real-time-sockets/middleware/src/configs/appConfigs.ts","statementMap":{"0":{"start":{"line":3,"column":0},"end":{"line":3,"column":16}},"1":{"start":{"line":5,"column":19},"end":{"line":70,"column":1}}},"fnMap":{},"branchMap":{"0":{"loc":{"start":{"line":6,"column":7},"end":{"line":6,"column":34}},"type":"binary-expr","locations":[{"start":{"line":6,"column":7},"end":{"line":6,"column":26}},{"start":{"line":6,"column":30},"end":{"line":6,"column":34}}],"line":6}},"s":{"0":3,"1":3},"f":{},"b":{"0":[3,0]},"_coverageSchema":"1a1c01bbd47fc00a2c39e90264f33305004495a9","hash":"0361e76dc112c3f0f01b480ec0c902f07478e4e0"}
,"/Users/darkmatter/Documents/Projects/real-time-sockets/middleware/src/configs/index.ts": {"path":"/Users/darkmatter/Documents/Projects/real-time-sockets/middleware/src/configs/index.ts","statementMap":{},"fnMap":{},"branchMap":{},"s":{},"f":{},"b":{},"_coverageSchema":"1a1c01bbd47fc00a2c39e90264f33305004495a9","hash":"4eaffc755904e2fd839c644dd432fa69100763af"}
,"/Users/darkmatter/Documents/Projects/real-time-sockets/middleware/src/directus/directus.ts": {"path":"/Users/darkmatter/Documents/Projects/real-time-sockets/middleware/src/directus/directus.ts","statementMap":{"0":{"start":{"line":14,"column":22},"end":{"line":19,"column":19}},"1":{"start":{"line":22,"column":22},"end":{"line":22,"column":27}},"2":{"start":{"line":26,"column":2},"end":{"line":40,"column":3}},"3":{"start":{"line":27,"column":18},"end":{"line":27,"column":48}},"4":{"start":{"line":28,"column":21},"end":{"line":28,"column":55}},"5":{"start":{"line":30,"column":4},"end":{"line":39,"column":9}},"6":{"start":{"line":33,"column":8},"end":{"line":33,"column":62}},"7":{"start":{"line":34,"column":8},"end":{"line":34,"column":29}},"8":{"start":{"line":37,"column":8},"end":{"line":37,"column":62}},"9":{"start":{"line":38,"column":8},"end":{"line":38,"column":16}}},"fnMap":{"0":{"name":"directus_start","decl":{"start":{"line":21,"column":22},"end":{"line":21,"column":36}},"loc":{"start":{"line":21,"column":39},"end":{"line":43,"column":1}},"line":21},"1":{"name":"(anonymous_1)","decl":{"start":{"line":32,"column":12},"end":{"line":32,"column":13}},"loc":{"start":{"line":32,"column":24},"end":{"line":35,"column":7}},"line":32},"2":{"name":"(anonymous_2)","decl":{"start":{"line":36,"column":13},"end":{"line":36,"column":14}},"loc":{"start":{"line":36,"column":20},"end":{"line":39,"column":7}},"line":36}},"branchMap":{"0":{"loc":{"start":{"line":27,"column":18},"end":{"line":27,"column":48}},"type":"binary-expr","locations":[{"start":{"line":27,"column":18},"end":{"line":27,"column":42}},{"start":{"line":27,"column":46},"end":{"line":27,"column":48}}],"line":27},"1":{"loc":{"start":{"line":28,"column":21},"end":{"line":28,"column":55}},"type":"binary-expr","locations":[{"start":{"line":28,"column":21},"end":{"line":28,"column":49}},{"start":{"line":28,"column":53},"end":{"line":28,"column":55}}],"line":28}},"s":{"0":1,"1":0,"2":0,"3":0,"4":0,"5":0,"6":0,"7":0,"8":0,"9":0},"f":{"0":0,"1":0,"2":0},"b":{"0":[0,0],"1":[0,0]},"_coverageSchema":"1a1c01bbd47fc00a2c39e90264f33305004495a9","hash":"a3d5935f9d8f859ebfab589f579894cb6294a049"}
,"/Users/darkmatter/Documents/Projects/real-time-sockets/middleware/src/directus/index.ts": {"path":"/Users/darkmatter/Documents/Projects/real-time-sockets/middleware/src/directus/index.ts","statementMap":{},"fnMap":{},"branchMap":{},"s":{},"f":{},"b":{},"_coverageSchema":"1a1c01bbd47fc00a2c39e90264f33305004495a9","hash":"be9da236815e7ec98776bfc460f37711105849b0"}
,"/Users/darkmatter/Documents/Projects/real-time-sockets/middleware/src/services/index.ts": {"path":"/Users/darkmatter/Documents/Projects/real-time-sockets/middleware/src/services/index.ts","statementMap":{},"fnMap":{},"branchMap":{},"s":{},"f":{},"b":{},"_coverageSchema":"1a1c01bbd47fc00a2c39e90264f33305004495a9","hash":"e8f7e0f5a1f673e6cb716329a6e0a04fddc2d064"}
,"/Users/darkmatter/Documents/Projects/real-time-sockets/middleware/src/services/auth/authService.ts": {"path":"/Users/darkmatter/Documents/Projects/real-time-sockets/middleware/src/services/auth/authService.ts","statementMap":{"0":{"start":{"line":11,"column":15},"end":{"line":14,"column":2}},"1":{"start":{"line":21,"column":4},"end":{"line":21,"column":64}},"2":{"start":{"line":22,"column":4},"end":{"line":22,"column":41}},"3":{"start":{"line":23,"column":4},"end":{"line":23,"column":36}},"4":{"start":{"line":27,"column":4},"end":{"line":29,"column":7}},"5":{"start":{"line":33,"column":4},"end":{"line":33,"column":58}},"6":{"start":{"line":37,"column":18},"end":{"line":37,"column":39}},"7":{"start":{"line":39,"column":26},"end":{"line":45,"column":5}},"8":{"start":{"line":48,"column":4},"end":{"line":51,"column":6}},"9":{"start":{"line":55,"column":4},"end":{"line":55,"column":59}},"10":{"start":{"line":59,"column":17},"end":{"line":59,"column":39}},"11":{"start":{"line":60,"column":17},"end":{"line":60,"column":48}},"12":{"start":{"line":62,"column":4},"end":{"line":62,"column":16}},"13":{"start":{"line":70,"column":38},"end":{"line":70,"column":42}},"14":{"start":{"line":71,"column":24},"end":{"line":71,"column":56}},"15":{"start":{"line":73,"column":4},"end":{"line":78,"column":5}},"16":{"start":{"line":74,"column":6},"end":{"line":77,"column":8}},"17":{"start":{"line":80,"column":27},"end":{"line":80,"column":54}},"18":{"start":{"line":82,"column":21},"end":{"line":82,"column":48}},"19":{"start":{"line":85,"column":4},"end":{"line":96,"column":5}},"20":{"start":{"line":86,"column":21},"end":{"line":86,"column":59}},"21":{"start":{"line":87,"column":6},"end":{"line":87,"column":25}},"22":{"start":{"line":88,"column":6},"end":{"line":88,"column":37}},"23":{"start":{"line":90,"column":6},"end":{"line":90,"column":25}},"24":{"start":{"line":91,"column":6},"end":{"line":95,"column":8}},"25":{"start":{"line":98,"column":20},"end":{"line":98,"column":79}},"26":{"start":{"line":100,"column":23},"end":{"line":104,"column":5}},"27":{"start":{"line":106,"column":4},"end":{"line":112,"column":5}},"28":{"start":{"line":107,"column":6},"end":{"line":111,"column":8}},"29":{"start":{"line":114,"column":29},"end":{"line":114,"column":33}},"30":{"start":{"line":115,"column":4},"end":{"line":115,"column":41}},"31":{"start":{"line":116,"column":4},"end":{"line":116,"column":35}},"32":{"start":{"line":117,"column":4},"end":{"line":117,"column":46}},"33":{"start":{"line":118,"column":4},"end":{"line":118,"column":27}},"34":{"start":{"line":120,"column":4},"end":{"line":134,"column":5}},"35":{"start":{"line":121,"column":23},"end":{"line":121,"column":65}},"36":{"start":{"line":122,"column":6},"end":{"line":128,"column":8}},"37":{"start":{"line":130,"column":6},"end":{"line":133,"column":8}},"38":{"start":{"line":138,"column":17},"end":{"line":144,"column":6}},"39":{"start":{"line":146,"column":4},"end":{"line":148,"column":5}},"40":{"start":{"line":147,"column":6},"end":{"line":147,"column":18}},"41":{"start":{"line":150,"column":4},"end":{"line":150,"column":49}},"42":{"start":{"line":154,"column":17},"end":{"line":160,"column":6}},"43":{"start":{"line":162,"column":4},"end":{"line":164,"column":5}},"44":{"start":{"line":163,"column":6},"end":{"line":163,"column":18}},"45":{"start":{"line":166,"column":4},"end":{"line":166,"column":49}},"46":{"start":{"line":173,"column":17},"end":{"line":173,"column":54}},"47":{"start":{"line":175,"column":4},"end":{"line":180,"column":5}},"48":{"start":{"line":176,"column":6},"end":{"line":179,"column":8}},"49":{"start":{"line":182,"column":4},"end":{"line":187,"column":5}},"50":{"start":{"line":183,"column":6},"end":{"line":186,"column":8}},"51":{"start":{"line":189,"column":4},"end":{"line":216,"column":5}},"52":{"start":{"line":190,"column":20},"end":{"line":193,"column":7}},"53":{"start":{"line":195,"column":6},"end":{"line":210,"column":7}},"54":{"start":{"line":196,"column":8},"end":{"line":196,"column":35}},"55":{"start":{"line":197,"column":27},"end":{"line":197,"column":66}},"56":{"start":{"line":199,"column":8},"end":{"line":204,"column":10}},"57":{"start":{"line":206,"column":8},"end":{"line":209,"column":10}},"58":{"start":{"line":212,"column":6},"end":{"line":215,"column":8}},"59":{"start":{"line":224,"column":17},"end":{"line":224,"column":54}},"60":{"start":{"line":226,"column":4},"end":{"line":231,"column":5}},"61":{"start":{"line":227,"column":6},"end":{"line":230,"column":8}},"62":{"start":{"line":247,"column":18},"end":{"line":247,"column":71}},"63":{"start":{"line":248,"column":4},"end":{"line":248,"column":23}},"64":{"start":{"line":250,"column":4},"end":{"line":255,"column":5}},"65":{"start":{"line":251,"column":6},"end":{"line":254,"column":8}},"66":{"start":{"line":257,"column":25},"end":{"line":257,"column":40}},"67":{"start":{"line":260,"column":4},"end":{"line":262,"column":5}},"68":{"start":{"line":261,"column":6},"end":{"line":261,"column":26}},"69":{"start":{"line":264,"column":4},"end":{"line":266,"column":5}},"70":{"start":{"line":265,"column":6},"end":{"line":265,"column":26}},"71":{"start":{"line":268,"column":4},"end":{"line":276,"column":5}},"72":{"start":{"line":268,"column":37},"end":{"line":268,"column":59}},"73":{"start":{"line":269,"column":6},"end":{"line":269,"column":38}},"74":{"start":{"line":271,"column":6},"end":{"line":275,"column":7}},"75":{"start":{"line":272,"column":8},"end":{"line":272,"column":63}},"76":{"start":{"line":274,"column":8},"end":{"line":274,"column":40}},"77":{"start":{"line":278,"column":4},"end":{"line":278,"column":37}},"78":{"start":{"line":280,"column":21},"end":{"line":280,"column":60}},"79":{"start":{"line":282,"column":4},"end":{"line":287,"column":5}},"80":{"start":{"line":283,"column":6},"end":{"line":286,"column":8}},"81":{"start":{"line":289,"column":21},"end":{"line":289,"column":56}},"82":{"start":{"line":290,"column":4},"end":{"line":296,"column":6}},"83":{"start":{"line":300,"column":17},"end":{"line":300,"column":49}},"84":{"start":{"line":301,"column":4},"end":{"line":306,"column":5}},"85":{"start":{"line":302,"column":6},"end":{"line":305,"column":8}},"86":{"start":{"line":309,"column":4},"end":{"line":320,"column":5}},"87":{"start":{"line":310,"column":21},"end":{"line":310,"column":59}},"88":{"start":{"line":311,"column":6},"end":{"line":311,"column":25}},"89":{"start":{"line":312,"column":6},"end":{"line":312,"column":37}},"90":{"start":{"line":314,"column":6},"end":{"line":314,"column":25}},"91":{"start":{"line":315,"column":6},"end":{"line":319,"column":8}},"92":{"start":{"line":323,"column":25},"end":{"line":325,"column":6}},"93":{"start":{"line":327,"column":23},"end":{"line":331,"column":5}},"94":{"start":{"line":333,"column":4},"end":{"line":340,"column":5}},"95":{"start":{"line":334,"column":6},"end":{"line":334,"column":36}},"96":{"start":{"line":335,"column":6},"end":{"line":339,"column":8}},"97":{"start":{"line":344,"column":4},"end":{"line":344,"column":43}},"98":{"start":{"line":345,"column":4},"end":{"line":345,"column":32}},"99":{"start":{"line":347,"column":4},"end":{"line":365,"column":5}},"100":{"start":{"line":348,"column":6},"end":{"line":348,"column":60}},"101":{"start":{"line":350,"column":6},"end":{"line":359,"column":7}},"102":{"start":{"line":351,"column":8},"end":{"line":354,"column":10}},"103":{"start":{"line":356,"column":8},"end":{"line":358,"column":10}},"104":{"start":{"line":361,"column":6},"end":{"line":364,"column":8}},"105":{"start":{"line":371,"column":35},"end":{"line":371,"column":67}},"106":{"start":{"line":372,"column":4},"end":{"line":377,"column":5}},"107":{"start":{"line":373,"column":6},"end":{"line":376,"column":8}},"108":{"start":{"line":379,"column":4},"end":{"line":384,"column":5}},"109":{"start":{"line":380,"column":6},"end":{"line":383,"column":8}},"110":{"start":{"line":385,"column":4},"end":{"line":385,"column":29}},"111":{"start":{"line":388,"column":4},"end":{"line":399,"column":5}},"112":{"start":{"line":389,"column":21},"end":{"line":389,"column":59}},"113":{"start":{"line":390,"column":6},"end":{"line":390,"column":25}},"114":{"start":{"line":391,"column":6},"end":{"line":391,"column":37}},"115":{"start":{"line":393,"column":6},"end":{"line":393,"column":25}},"116":{"start":{"line":394,"column":6},"end":{"line":398,"column":8}},"117":{"start":{"line":401,"column":20},"end":{"line":401,"column":79}},"118":{"start":{"line":411,"column":23},"end":{"line":415,"column":5}},"119":{"start":{"line":417,"column":4},"end":{"line":424,"column":5}},"120":{"start":{"line":418,"column":6},"end":{"line":418,"column":36}},"121":{"start":{"line":419,"column":6},"end":{"line":423,"column":8}},"122":{"start":{"line":426,"column":4},"end":{"line":426,"column":40}},"123":{"start":{"line":427,"column":24},"end":{"line":427,"column":63}},"124":{"start":{"line":429,"column":4},"end":{"line":445,"column":5}},"125":{"start":{"line":430,"column":6},"end":{"line":439,"column":7}},"126":{"start":{"line":431,"column":8},"end":{"line":434,"column":10}},"127":{"start":{"line":436,"column":8},"end":{"line":438,"column":10}},"128":{"start":{"line":441,"column":6},"end":{"line":444,"column":8}},"129":{"start":{"line":452,"column":17},"end":{"line":452,"column":54}},"130":{"start":{"line":453,"column":4},"end":{"line":458,"column":5}},"131":{"start":{"line":454,"column":6},"end":{"line":457,"column":8}},"132":{"start":{"line":460,"column":4},"end":{"line":465,"column":5}},"133":{"start":{"line":461,"column":6},"end":{"line":464,"column":8}},"134":{"start":{"line":467,"column":27},"end":{"line":467,"column":59}},"135":{"start":{"line":469,"column":4},"end":{"line":469,"column":38}},"136":{"start":{"line":471,"column":21},"end":{"line":471,"column":56}},"137":{"start":{"line":473,"column":21},"end":{"line":473,"column":60}},"138":{"start":{"line":475,"column":4},"end":{"line":481,"column":6}},"139":{"start":{"line":489,"column":52},"end":{"line":489,"column":56}},"140":{"start":{"line":491,"column":17},"end":{"line":491,"column":49}},"141":{"start":{"line":493,"column":4},"end":{"line":498,"column":5}},"142":{"start":{"line":494,"column":6},"end":{"line":497,"column":8}},"143":{"start":{"line":500,"column":4},"end":{"line":505,"column":5}},"144":{"start":{"line":501,"column":6},"end":{"line":504,"column":8}},"145":{"start":{"line":507,"column":27},"end":{"line":507,"column":57}},"146":{"start":{"line":509,"column":4},"end":{"line":509,"column":38}},"147":{"start":{"line":511,"column":21},"end":{"line":511,"column":58}},"148":{"start":{"line":513,"column":21},"end":{"line":513,"column":60}},"149":{"start":{"line":515,"column":4},"end":{"line":521,"column":6}}},"fnMap":{"0":{"name":"(anonymous_0)","decl":{"start":{"line":20,"column":2},"end":{"line":20,"column":3}},"loc":{"start":{"line":20,"column":16},"end":{"line":24,"column":3}},"line":20},"1":{"name":"(anonymous_1)","decl":{"start":{"line":26,"column":2},"end":{"line":26,"column":3}},"loc":{"start":{"line":26,"column":35},"end":{"line":30,"column":3}},"line":26},"2":{"name":"(anonymous_2)","decl":{"start":{"line":32,"column":2},"end":{"line":32,"column":3}},"loc":{"start":{"line":32,"column":42},"end":{"line":34,"column":3}},"line":32},"3":{"name":"(anonymous_3)","decl":{"start":{"line":36,"column":2},"end":{"line":36,"column":3}},"loc":{"start":{"line":36,"column":41},"end":{"line":52,"column":3}},"line":36},"4":{"name":"(anonymous_4)","decl":{"start":{"line":54,"column":2},"end":{"line":54,"column":3}},"loc":{"start":{"line":54,"column":71},"end":{"line":56,"column":3}},"line":54},"5":{"name":"(anonymous_5)","decl":{"start":{"line":58,"column":2},"end":{"line":58,"column":3}},"loc":{"start":{"line":58,"column":41},"end":{"line":63,"column":3}},"line":58},"6":{"name":"(anonymous_6)","decl":{"start":{"line":65,"column":2},"end":{"line":65,"column":3}},"loc":{"start":{"line":69,"column":31},"end":{"line":135,"column":3}},"line":69},"7":{"name":"(anonymous_7)","decl":{"start":{"line":137,"column":2},"end":{"line":137,"column":3}},"loc":{"start":{"line":137,"column":45},"end":{"line":151,"column":3}},"line":137},"8":{"name":"(anonymous_8)","decl":{"start":{"line":153,"column":2},"end":{"line":153,"column":3}},"loc":{"start":{"line":153,"column":39},"end":{"line":167,"column":3}},"line":153},"9":{"name":"(anonymous_9)","decl":{"start":{"line":169,"column":2},"end":{"line":169,"column":3}},"loc":{"start":{"line":172,"column":31},"end":{"line":217,"column":3}},"line":172},"10":{"name":"(anonymous_10)","decl":{"start":{"line":219,"column":2},"end":{"line":219,"column":3}},"loc":{"start":{"line":223,"column":31},"end":{"line":297,"column":3}},"line":223},"11":{"name":"(anonymous_11)","decl":{"start":{"line":268,"column":30},"end":{"line":268,"column":31}},"loc":{"start":{"line":268,"column":37},"end":{"line":268,"column":59}},"line":268},"12":{"name":"(anonymous_12)","decl":{"start":{"line":299,"column":2},"end":{"line":299,"column":3}},"loc":{"start":{"line":299,"column":71},"end":{"line":366,"column":3}},"line":299},"13":{"name":"(anonymous_13)","decl":{"start":{"line":368,"column":2},"end":{"line":368,"column":3}},"loc":{"start":{"line":370,"column":30},"end":{"line":446,"column":3}},"line":370},"14":{"name":"(anonymous_14)","decl":{"start":{"line":448,"column":2},"end":{"line":448,"column":3}},"loc":{"start":{"line":451,"column":31},"end":{"line":482,"column":3}},"line":451},"15":{"name":"(anonymous_15)","decl":{"start":{"line":484,"column":2},"end":{"line":484,"column":3}},"loc":{"start":{"line":488,"column":31},"end":{"line":522,"column":3}},"line":488}},"branchMap":{"0":{"loc":{"start":{"line":73,"column":4},"end":{"line":78,"column":5}},"type":"if","locations":[{"start":{"line":73,"column":4},"end":{"line":78,"column":5}},{"start":{},"end":{}}],"line":73},"1":{"loc":{"start":{"line":106,"column":4},"end":{"line":112,"column":5}},"type":"if","locations":[{"start":{"line":106,"column":4},"end":{"line":112,"column":5}},{"start":{},"end":{}}],"line":106},"2":{"loc":{"start":{"line":106,"column":8},"end":{"line":106,"column":49}},"type":"binary-expr","locations":[{"start":{"line":106,"column":8},"end":{"line":106,"column":19}},{"start":{"line":106,"column":23},"end":{"line":106,"column":49}}],"line":106},"3":{"loc":{"start":{"line":146,"column":4},"end":{"line":148,"column":5}},"type":"if","locations":[{"start":{"line":146,"column":4},"end":{"line":148,"column":5}},{"start":{},"end":{}}],"line":146},"4":{"loc":{"start":{"line":150,"column":11},"end":{"line":150,"column":48}},"type":"cond-expr","locations":[{"start":{"line":150,"column":29},"end":{"line":150,"column":36}},{"start":{"line":150,"column":39},"end":{"line":150,"column":48}}],"line":150},"5":{"loc":{"start":{"line":162,"column":4},"end":{"line":164,"column":5}},"type":"if","locations":[{"start":{"line":162,"column":4},"end":{"line":164,"column":5}},{"start":{},"end":{}}],"line":162},"6":{"loc":{"start":{"line":166,"column":11},"end":{"line":166,"column":48}},"type":"cond-expr","locations":[{"start":{"line":166,"column":29},"end":{"line":166,"column":36}},{"start":{"line":166,"column":39},"end":{"line":166,"column":48}}],"line":166},"7":{"loc":{"start":{"line":175,"column":4},"end":{"line":180,"column":5}},"type":"if","locations":[{"start":{"line":175,"column":4},"end":{"line":180,"column":5}},{"start":{},"end":{}}],"line":175},"8":{"loc":{"start":{"line":182,"column":4},"end":{"line":187,"column":5}},"type":"if","locations":[{"start":{"line":182,"column":4},"end":{"line":187,"column":5}},{"start":{},"end":{}}],"line":182},"9":{"loc":{"start":{"line":195,"column":6},"end":{"line":210,"column":7}},"type":"if","locations":[{"start":{"line":195,"column":6},"end":{"line":210,"column":7}},{"start":{"line":205,"column":13},"end":{"line":210,"column":7}}],"line":195},"10":{"loc":{"start":{"line":226,"column":4},"end":{"line":231,"column":5}},"type":"if","locations":[{"start":{"line":226,"column":4},"end":{"line":231,"column":5}},{"start":{},"end":{}}],"line":226},"11":{"loc":{"start":{"line":250,"column":4},"end":{"line":255,"column":5}},"type":"if","locations":[{"start":{"line":250,"column":4},"end":{"line":255,"column":5}},{"start":{},"end":{}}],"line":250},"12":{"loc":{"start":{"line":260,"column":4},"end":{"line":262,"column":5}},"type":"if","locations":[{"start":{"line":260,"column":4},"end":{"line":262,"column":5}},{"start":{},"end":{}}],"line":260},"13":{"loc":{"start":{"line":264,"column":4},"end":{"line":266,"column":5}},"type":"if","locations":[{"start":{"line":264,"column":4},"end":{"line":266,"column":5}},{"start":{},"end":{}}],"line":264},"14":{"loc":{"start":{"line":268,"column":4},"end":{"line":276,"column":5}},"type":"if","locations":[{"start":{"line":268,"column":4},"end":{"line":276,"column":5}},{"start":{"line":270,"column":11},"end":{"line":276,"column":5}}],"line":268},"15":{"loc":{"start":{"line":271,"column":6},"end":{"line":275,"column":7}},"type":"if","locations":[{"start":{"line":271,"column":6},"end":{"line":275,"column":7}},{"start":{"line":273,"column":13},"end":{"line":275,"column":7}}],"line":271},"16":{"loc":{"start":{"line":282,"column":4},"end":{"line":287,"column":5}},"type":"if","locations":[{"start":{"line":282,"column":4},"end":{"line":287,"column":5}},{"start":{},"end":{}}],"line":282},"17":{"loc":{"start":{"line":301,"column":4},"end":{"line":306,"column":5}},"type":"if","locations":[{"start":{"line":301,"column":4},"end":{"line":306,"column":5}},{"start":{},"end":{}}],"line":301},"18":{"loc":{"start":{"line":333,"column":4},"end":{"line":340,"column":5}},"type":"if","locations":[{"start":{"line":333,"column":4},"end":{"line":340,"column":5}},{"start":{},"end":{}}],"line":333},"19":{"loc":{"start":{"line":350,"column":6},"end":{"line":359,"column":7}},"type":"if","locations":[{"start":{"line":350,"column":6},"end":{"line":359,"column":7}},{"start":{"line":355,"column":13},"end":{"line":359,"column":7}}],"line":350},"20":{"loc":{"start":{"line":372,"column":4},"end":{"line":377,"column":5}},"type":"if","locations":[{"start":{"line":372,"column":4},"end":{"line":377,"column":5}},{"start":{},"end":{}}],"line":372},"21":{"loc":{"start":{"line":379,"column":4},"end":{"line":384,"column":5}},"type":"if","locations":[{"start":{"line":379,"column":4},"end":{"line":384,"column":5}},{"start":{},"end":{}}],"line":379},"22":{"loc":{"start":{"line":417,"column":4},"end":{"line":424,"column":5}},"type":"if","locations":[{"start":{"line":417,"column":4},"end":{"line":424,"column":5}},{"start":{},"end":{}}],"line":417},"23":{"loc":{"start":{"line":430,"column":6},"end":{"line":439,"column":7}},"type":"if","locations":[{"start":{"line":430,"column":6},"end":{"line":439,"column":7}},{"start":{"line":435,"column":13},"end":{"line":439,"column":7}}],"line":430},"24":{"loc":{"start":{"line":453,"column":4},"end":{"line":458,"column":5}},"type":"if","locations":[{"start":{"line":453,"column":4},"end":{"line":458,"column":5}},{"start":{},"end":{}}],"line":453},"25":{"loc":{"start":{"line":460,"column":4},"end":{"line":465,"column":5}},"type":"if","locations":[{"start":{"line":460,"column":4},"end":{"line":465,"column":5}},{"start":{},"end":{}}],"line":460},"26":{"loc":{"start":{"line":493,"column":4},"end":{"line":498,"column":5}},"type":"if","locations":[{"start":{"line":493,"column":4},"end":{"line":498,"column":5}},{"start":{},"end":{}}],"line":493},"27":{"loc":{"start":{"line":500,"column":4},"end":{"line":505,"column":5}},"type":"if","locations":[{"start":{"line":500,"column":4},"end":{"line":505,"column":5}},{"start":{},"end":{}}],"line":500}},"s":{"0":1,"1":0,"2":0,"3":0,"4":0,"5":0,"6":0,"7":0,"8":0,"9":0,"10":0,"11":0,"12":0,"13":0,"14":0,"15":0,"16":0,"17":0,"18":0,"19":0,"20":0,"21":0,"22":0,"23":0,"24":0,"25":0,"26":0,"27":0,"28":0,"29":0,"30":0,"31":0,"32":0,"33":0,"34":0,"35":0,"36":0,"37":0,"38":0,"39":0,"40":0,"41":0,"42":0,"43":0,"44":0,"45":0,"46":0,"47":0,"48":0,"49":0,"50":0,"51":0,"52":0,"53":0,"54":0,"55":0,"56":0,"57":0,"58":0,"59":0,"60":0,"61":0,"62":0,"63":0,"64":0,"65":0,"66":0,"67":0,"68":0,"69":0,"70":0,"71":0,"72":0,"73":0,"74":0,"75":0,"76":0,"77":0,"78":0,"79":0,"80":0,"81":0,"82":0,"83":0,"84":0,"85":0,"86":0,"87":0,"88":0,"89":0,"90":0,"91":0,"92":0,"93":0,"94":0,"95":0,"96":0,"97":0,"98":0,"99":0,"100":0,"101":0,"102":0,"103":0,"104":0,"105":0,"106":0,"107":0,"108":0,"109":0,"110":0,"111":0,"112":0,"113":0,"114":0,"115":0,"116":0,"117":0,"118":0,"119":0,"120":0,"121":0,"122":0,"123":0,"124":0,"125":0,"126":0,"127":0,"128":0,"129":0,"130":0,"131":0,"132":0,"133":0,"134":0,"135":0,"136":0,"137":0,"138":0,"139":0,"140":0,"141":0,"142":0,"143":0,"144":0,"145":0,"146":0,"147":0,"148":0,"149":0},"f":{"0":0,"1":0,"2":0,"3":0,"4":0,"5":0,"6":0,"7":0,"8":0,"9":0,"10":0,"11":0,"12":0,"13":0,"14":0,"15":0},"b":{"0":[0,0],"1":[0,0],"2":[0,0],"3":[0,0],"4":[0,0],"5":[0,0],"6":[0,0],"7":[0,0],"8":[0,0],"9":[0,0],"10":[0,0],"11":[0,0],"12":[0,0],"13":[0,0],"14":[0,0],"15":[0,0],"16":[0,0],"17":[0,0],"18":[0,0],"19":[0,0],"20":[0,0],"21":[0,0],"22":[0,0],"23":[0,0],"24":[0,0],"25":[0,0],"26":[0,0],"27":[0,0]},"_coverageSchema":"1a1c01bbd47fc00a2c39e90264f33305004495a9","hash":"80ad3362db096d48fd9423b24731347cf2fe837d"}
,"/Users/darkmatter/Documents/Projects/real-time-sockets/middleware/src/services/auth/index.ts": {"path":"/Users/darkmatter/Documents/Projects/real-time-sockets/middleware/src/services/auth/index.ts","statementMap":{},"fnMap":{},"branchMap":{},"s":{},"f":{},"b":{},"_coverageSchema":"1a1c01bbd47fc00a2c39e90264f33305004495a9","hash":"57191d5d248dc18dfb1e5e3443a2fd4a25e19f69"}
,"/Users/darkmatter/Documents/Projects/real-time-sockets/middleware/src/services/authorization/healthService.ts": {"path":"/Users/darkmatter/Documents/Projects/real-time-sockets/middleware/src/services/authorization/healthService.ts","statementMap":{"0":{"start":{"line":5,"column":2},"end":{"line":7,"column":4}}},"fnMap":{"0":{"name":"(anonymous_0)","decl":{"start":{"line":4,"column":1},"end":{"line":4,"column":2}},"loc":{"start":{"line":4,"column":43},"end":{"line":8,"column":2}},"line":4}},"branchMap":{},"s":{"0":1},"f":{"0":1},"b":{},"_coverageSchema":"1a1c01bbd47fc00a2c39e90264f33305004495a9","hash":"2d0a139d9a83321f063b739122250f5b105a1264"}
,"/Users/darkmatter/Documents/Projects/real-time-sockets/middleware/src/services/authorization/index.ts": {"path":"/Users/darkmatter/Documents/Projects/real-time-sockets/middleware/src/services/authorization/index.ts","statementMap":{},"fnMap":{},"branchMap":{},"s":{},"f":{},"b":{},"_coverageSchema":"1a1c01bbd47fc00a2c39e90264f33305004495a9","hash":"3aece783631d6e699770ea9e733525be92c2c2d9"}
,"/Users/darkmatter/Documents/Projects/real-time-sockets/middleware/src/services/room/index.ts": {"path":"/Users/darkmatter/Documents/Projects/real-time-sockets/middleware/src/services/room/index.ts","statementMap":{},"fnMap":{},"branchMap":{},"s":{},"f":{},"b":{},"_coverageSchema":"1a1c01bbd47fc00a2c39e90264f33305004495a9","hash":"bb4c5d2aed0afc08e7f267a3c2e984493b5abe47"}
,"/Users/darkmatter/Documents/Projects/real-time-sockets/middleware/src/services/room/roomService.ts": {"path":"/Users/darkmatter/Documents/Projects/real-time-sockets/middleware/src/services/room/roomService.ts","statementMap":{"0":{"start":{"line":12,"column":8},"end":{"line":12,"column":44}},"1":{"start":{"line":13,"column":8},"end":{"line":13,"column":66}},"2":{"start":{"line":14,"column":8},"end":{"line":14,"column":75}},"3":{"start":{"line":18,"column":21},"end":{"line":24,"column":10}},"4":{"start":{"line":26,"column":8},"end":{"line":28,"column":9}},"5":{"start":{"line":27,"column":12},"end":{"line":27,"column":29}},"6":{"start":{"line":30,"column":8},"end":{"line":30,"column":53}},"7":{"start":{"line":34,"column":8},"end":{"line":36,"column":10}},"8":{"start":{"line":40,"column":33},"end":{"line":40,"column":37}},"9":{"start":{"line":42,"column":21},"end":{"line":42,"column":63}},"10":{"start":{"line":44,"column":8},"end":{"line":49,"column":9}},"11":{"start":{"line":45,"column":12},"end":{"line":48,"column":14}},"12":{"start":{"line":52,"column":24},"end":{"line":55,"column":10}},"13":{"start":{"line":58,"column":8},"end":{"line":63,"column":10}},"14":{"start":{"line":67,"column":38},"end":{"line":67,"column":42}},"15":{"start":{"line":69,"column":21},"end":{"line":69,"column":69}},"16":{"start":{"line":71,"column":8},"end":{"line":76,"column":9}},"17":{"start":{"line":72,"column":12},"end":{"line":75,"column":14}},"18":{"start":{"line":78,"column":21},"end":{"line":78,"column":51}},"19":{"start":{"line":79,"column":8},"end":{"line":84,"column":9}},"20":{"start":{"line":80,"column":12},"end":{"line":83,"column":14}},"21":{"start":{"line":86,"column":31},"end":{"line":86,"column":43}},"22":{"start":{"line":90,"column":8},"end":{"line":95,"column":9}},"23":{"start":{"line":91,"column":12},"end":{"line":94,"column":14}},"24":{"start":{"line":96,"column":27},"end":{"line":96,"column":108}},"25":{"start":{"line":98,"column":8},"end":{"line":98,"column":45}},"26":{"start":{"line":100,"column":25},"end":{"line":100,"column":64}},"27":{"start":{"line":102,"column":8},"end":{"line":107,"column":10}},"28":{"start":{"line":111,"column":22},"end":{"line":111,"column":57}},"29":{"start":{"line":112,"column":8},"end":{"line":117,"column":9}},"30":{"start":{"line":113,"column":12},"end":{"line":116,"column":14}},"31":{"start":{"line":119,"column":8},"end":{"line":124,"column":10}},"32":{"start":{"line":128,"column":29},"end":{"line":128,"column":33}},"33":{"start":{"line":130,"column":21},"end":{"line":130,"column":57}},"34":{"start":{"line":132,"column":8},"end":{"line":137,"column":9}},"35":{"start":{"line":133,"column":12},"end":{"line":136,"column":14}},"36":{"start":{"line":139,"column":8},"end":{"line":139,"column":34}},"37":{"start":{"line":141,"column":25},"end":{"line":141,"column":64}},"38":{"start":{"line":143,"column":8},"end":{"line":148,"column":10}},"39":{"start":{"line":153,"column":21},"end":{"line":153,"column":51}},"40":{"start":{"line":155,"column":8},"end":{"line":160,"column":9}},"41":{"start":{"line":156,"column":12},"end":{"line":159,"column":14}},"42":{"start":{"line":162,"column":8},"end":{"line":162,"column":47}},"43":{"start":{"line":164,"column":8},"end":{"line":170,"column":10}},"44":{"start":{"line":174,"column":38},"end":{"line":174,"column":42}},"45":{"start":{"line":176,"column":21},"end":{"line":176,"column":69}},"46":{"start":{"line":178,"column":8},"end":{"line":183,"column":9}},"47":{"start":{"line":179,"column":12},"end":{"line":182,"column":14}},"48":{"start":{"line":185,"column":21},"end":{"line":185,"column":51}},"49":{"start":{"line":187,"column":8},"end":{"line":192,"column":9}},"50":{"start":{"line":188,"column":12},"end":{"line":191,"column":14}},"51":{"start":{"line":194,"column":8},"end":{"line":199,"column":9}},"52":{"start":{"line":195,"column":12},"end":{"line":198,"column":14}},"53":{"start":{"line":201,"column":22},"end":{"line":205,"column":10}},"54":{"start":{"line":207,"column":8},"end":{"line":212,"column":10}},"55":{"start":{"line":217,"column":38},"end":{"line":217,"column":42}},"56":{"start":{"line":219,"column":21},"end":{"line":219,"column":69}},"57":{"start":{"line":221,"column":8},"end":{"line":226,"column":9}},"58":{"start":{"line":222,"column":12},"end":{"line":225,"column":14}},"59":{"start":{"line":228,"column":21},"end":{"line":228,"column":51}},"60":{"start":{"line":230,"column":8},"end":{"line":235,"column":9}},"61":{"start":{"line":231,"column":12},"end":{"line":234,"column":14}},"62":{"start":{"line":239,"column":8},"end":{"line":244,"column":9}},"63":{"start":{"line":240,"column":12},"end":{"line":243,"column":14}},"64":{"start":{"line":248,"column":27},"end":{"line":250,"column":10}},"65":{"start":{"line":249,"column":12},"end":{"line":249,"column":26}},"66":{"start":{"line":252,"column":8},"end":{"line":252,"column":45}},"67":{"start":{"line":253,"column":25},"end":{"line":253,"column":64}},"68":{"start":{"line":255,"column":8},"end":{"line":260,"column":10}},"69":{"start":{"line":264,"column":45},"end":{"line":264,"column":49}},"70":{"start":{"line":266,"column":21},"end":{"line":266,"column":69}},"71":{"start":{"line":268,"column":8},"end":{"line":273,"column":9}},"72":{"start":{"line":269,"column":12},"end":{"line":272,"column":14}},"73":{"start":{"line":275,"column":21},"end":{"line":275,"column":51}},"74":{"start":{"line":277,"column":8},"end":{"line":282,"column":9}},"75":{"start":{"line":278,"column":12},"end":{"line":281,"column":14}},"76":{"start":{"line":284,"column":27},"end":{"line":288,"column":10}},"77":{"start":{"line":290,"column":8},"end":{"line":295,"column":10}}},"fnMap":{"0":{"name":"(anonymous_0)","decl":{"start":{"line":11,"column":4},"end":{"line":11,"column":5}},"loc":{"start":{"line":11,"column":18},"end":{"line":15,"column":5}},"line":11},"1":{"name":"(anonymous_1)","decl":{"start":{"line":17,"column":4},"end":{"line":17,"column":5}},"loc":{"start":{"line":17,"column":72},"end":{"line":31,"column":5}},"line":17},"2":{"name":"(anonymous_2)","decl":{"start":{"line":33,"column":4},"end":{"line":33,"column":5}},"loc":{"start":{"line":33,"column":46},"end":{"line":37,"column":5}},"line":33},"3":{"name":"(anonymous_3)","decl":{"start":{"line":39,"column":4},"end":{"line":39,"column":5}},"loc":{"start":{"line":39,"column":94},"end":{"line":64,"column":5}},"line":39},"4":{"name":"(anonymous_4)","decl":{"start":{"line":66,"column":4},"end":{"line":66,"column":5}},"loc":{"start":{"line":66,"column":97},"end":{"line":108,"column":5}},"line":66},"5":{"name":"(anonymous_5)","decl":{"start":{"line":110,"column":4},"end":{"line":110,"column":5}},"loc":{"start":{"line":110,"column":54},"end":{"line":125,"column":5}},"line":110},"6":{"name":"(anonymous_6)","decl":{"start":{"line":127,"column":4},"end":{"line":127,"column":5}},"loc":{"start":{"line":127,"column":82},"end":{"line":150,"column":5}},"line":127},"7":{"name":"(anonymous_7)","decl":{"start":{"line":152,"column":4},"end":{"line":152,"column":5}},"loc":{"start":{"line":152,"column":70},"end":{"line":171,"column":5}},"line":152},"8":{"name":"(anonymous_8)","decl":{"start":{"line":173,"column":4},"end":{"line":173,"column":5}},"loc":{"start":{"line":173,"column":101},"end":{"line":214,"column":5}},"line":173},"9":{"name":"(anonymous_9)","decl":{"start":{"line":216,"column":4},"end":{"line":216,"column":5}},"loc":{"start":{"line":216,"column":98},"end":{"line":261,"column":5}},"line":216},"10":{"name":"(anonymous_10)","decl":{"start":{"line":248,"column":49},"end":{"line":248,"column":50}},"loc":{"start":{"line":248,"column":56},"end":{"line":250,"column":9}},"line":248},"11":{"name":"(anonymous_11)","decl":{"start":{"line":263,"column":4},"end":{"line":263,"column":5}},"loc":{"start":{"line":263,"column":115},"end":{"line":296,"column":5}},"line":263}},"branchMap":{"0":{"loc":{"start":{"line":26,"column":8},"end":{"line":28,"column":9}},"type":"if","locations":[{"start":{"line":26,"column":8},"end":{"line":28,"column":9}},{"start":{},"end":{}}],"line":26},"1":{"loc":{"start":{"line":30,"column":15},"end":{"line":30,"column":52}},"type":"cond-expr","locations":[{"start":{"line":30,"column":33},"end":{"line":30,"column":40}},{"start":{"line":30,"column":43},"end":{"line":30,"column":52}}],"line":30},"2":{"loc":{"start":{"line":44,"column":8},"end":{"line":49,"column":9}},"type":"if","locations":[{"start":{"line":44,"column":8},"end":{"line":49,"column":9}},{"start":{},"end":{}}],"line":44},"3":{"loc":{"start":{"line":71,"column":8},"end":{"line":76,"column":9}},"type":"if","locations":[{"start":{"line":71,"column":8},"end":{"line":76,"column":9}},{"start":{},"end":{}}],"line":71},"4":{"loc":{"start":{"line":79,"column":8},"end":{"line":84,"column":9}},"type":"if","locations":[{"start":{"line":79,"column":8},"end":{"line":84,"column":9}},{"start":{},"end":{}}],"line":79},"5":{"loc":{"start":{"line":90,"column":8},"end":{"line":95,"column":9}},"type":"if","locations":[{"start":{"line":90,"column":8},"end":{"line":95,"column":9}},{"start":{},"end":{}}],"line":90},"6":{"loc":{"start":{"line":96,"column":27},"end":{"line":96,"column":108}},"type":"cond-expr","locations":[{"start":{"line":96,"column":74},"end":{"line":96,"column":103}},{"start":{"line":96,"column":106},"end":{"line":96,"column":108}}],"line":96},"7":{"loc":{"start":{"line":96,"column":27},"end":{"line":96,"column":71}},"type":"binary-expr","locations":[{"start":{"line":96,"column":27},"end":{"line":96,"column":41}},{"start":{"line":96,"column":45},"end":{"line":96,"column":71}}],"line":96},"8":{"loc":{"start":{"line":112,"column":8},"end":{"line":117,"column":9}},"type":"if","locations":[{"start":{"line":112,"column":8},"end":{"line":117,"column":9}},{"start":{},"end":{}}],"line":112},"9":{"loc":{"start":{"line":132,"column":8},"end":{"line":137,"column":9}},"type":"if","locations":[{"start":{"line":132,"column":8},"end":{"line":137,"column":9}},{"start":{},"end":{}}],"line":132},"10":{"loc":{"start":{"line":155,"column":8},"end":{"line":160,"column":9}},"type":"if","locations":[{"start":{"line":155,"column":8},"end":{"line":160,"column":9}},{"start":{},"end":{}}],"line":155},"11":{"loc":{"start":{"line":178,"column":8},"end":{"line":183,"column":9}},"type":"if","locations":[{"start":{"line":178,"column":8},"end":{"line":183,"column":9}},{"start":{},"end":{}}],"line":178},"12":{"loc":{"start":{"line":187,"column":8},"end":{"line":192,"column":9}},"type":"if","locations":[{"start":{"line":187,"column":8},"end":{"line":192,"column":9}},{"start":{},"end":{}}],"line":187},"13":{"loc":{"start":{"line":194,"column":8},"end":{"line":199,"column":9}},"type":"if","locations":[{"start":{"line":194,"column":8},"end":{"line":199,"column":9}},{"start":{},"end":{}}],"line":194},"14":{"loc":{"start":{"line":221,"column":8},"end":{"line":226,"column":9}},"type":"if","locations":[{"start":{"line":221,"column":8},"end":{"line":226,"column":9}},{"start":{},"end":{}}],"line":221},"15":{"loc":{"start":{"line":230,"column":8},"end":{"line":235,"column":9}},"type":"if","locations":[{"start":{"line":230,"column":8},"end":{"line":235,"column":9}},{"start":{},"end":{}}],"line":230},"16":{"loc":{"start":{"line":239,"column":8},"end":{"line":244,"column":9}},"type":"if","locations":[{"start":{"line":239,"column":8},"end":{"line":244,"column":9}},{"start":{},"end":{}}],"line":239},"17":{"loc":{"start":{"line":268,"column":8},"end":{"line":273,"column":9}},"type":"if","locations":[{"start":{"line":268,"column":8},"end":{"line":273,"column":9}},{"start":{},"end":{}}],"line":268},"18":{"loc":{"start":{"line":277,"column":8},"end":{"line":282,"column":9}},"type":"if","locations":[{"start":{"line":277,"column":8},"end":{"line":282,"column":9}},{"start":{},"end":{}}],"line":277}},"s":{"0":12,"1":12,"2":12,"3":0,"4":0,"5":0,"6":0,"7":1,"8":1,"9":1,"10":1,"11":1,"12":0,"13":0,"14":3,"15":3,"16":3,"17":3,"18":0,"19":0,"20":0,"21":0,"22":0,"23":0,"24":0,"25":0,"26":0,"27":0,"28":0,"29":0,"30":0,"31":0,"32":0,"33":0,"34":0,"35":0,"36":0,"37":0,"38":0,"39":2,"40":2,"41":1,"42":1,"43":1,"44":0,"45":0,"46":0,"47":0,"48":0,"49":0,"50":0,"51":0,"52":0,"53":0,"54":0,"55":0,"56":0,"57":0,"58":0,"59":0,"60":0,"61":0,"62":0,"63":0,"64":0,"65":0,"66":0,"67":0,"68":0,"69":2,"70":2,"71":2,"72":2,"73":0,"74":0,"75":0,"76":0,"77":0},"f":{"0":12,"1":0,"2":1,"3":1,"4":3,"5":0,"6":0,"7":2,"8":0,"9":0,"10":0,"11":2},"b":{"0":[0,0],"1":[0,0],"2":[1,0],"3":[3,0],"4":[0,0],"5":[0,0],"6":[0,0],"7":[0,0],"8":[0,0],"9":[0,0],"10":[1,1],"11":[0,0],"12":[0,0],"13":[0,0],"14":[0,0],"15":[0,0],"16":[0,0],"17":[2,0],"18":[0,0]},"_coverageSchema":"1a1c01bbd47fc00a2c39e90264f33305004495a9","hash":"28f12b705ae4ec16f0fae53cf594faa4c24f804d"}
,"/Users/darkmatter/Documents/Projects/real-time-sockets/middleware/src/services/utils/index.ts": {"path":"/Users/darkmatter/Documents/Projects/real-time-sockets/middleware/src/services/utils/index.ts","statementMap":{},"fnMap":{},"branchMap":{},"s":{},"f":{},"b":{},"_coverageSchema":"1a1c01bbd47fc00a2c39e90264f33305004495a9","hash":"6390c4d08f367d9803677e114ec42bd74a2713eb"}
,"/Users/darkmatter/Documents/Projects/real-time-sockets/middleware/src/services/utils/simpleDataService.ts": {"path":"/Users/darkmatter/Documents/Projects/real-time-sockets/middleware/src/services/utils/simpleDataService.ts","statementMap":{"0":{"start":{"line":24,"column":4},"end":{"line":24,"column":29}},"1":{"start":{"line":25,"column":4},"end":{"line":25,"column":26}},"2":{"start":{"line":59,"column":19},"end":{"line":59,"column":21}},"3":{"start":{"line":62,"column":4},"end":{"line":72,"column":5}},"4":{"start":{"line":63,"column":21},"end":{"line":65,"column":7}},"5":{"start":{"line":69,"column":6},"end":{"line":69,"column":50}},"6":{"start":{"line":69,"column":41},"end":{"line":69,"column":48}},"7":{"start":{"line":71,"column":6},"end":{"line":71,"column":15}},"8":{"start":{"line":74,"column":4},"end":{"line":74,"column":15}},"9":{"start":{"line":78,"column":23},"end":{"line":78,"column":25}},"10":{"start":{"line":80,"column":4},"end":{"line":86,"column":5}},"11":{"start":{"line":81,"column":6},"end":{"line":81,"column":79}},"12":{"start":{"line":84,"column":6},"end":{"line":84,"column":21}},"13":{"start":{"line":85,"column":6},"end":{"line":85,"column":13}},"14":{"start":{"line":88,"column":4},"end":{"line":88,"column":19}},"15":{"start":{"line":92,"column":24},"end":{"line":92,"column":26}},"16":{"start":{"line":94,"column":4},"end":{"line":109,"column":5}},"17":{"start":{"line":95,"column":6},"end":{"line":106,"column":9}},"18":{"start":{"line":97,"column":8},"end":{"line":104,"column":9}},"19":{"start":{"line":98,"column":10},"end":{"line":100,"column":12}},"20":{"start":{"line":103,"column":10},"end":{"line":103,"column":23}},"21":{"start":{"line":105,"column":8},"end":{"line":105,"column":23}},"22":{"start":{"line":108,"column":6},"end":{"line":108,"column":20}},"23":{"start":{"line":111,"column":4},"end":{"line":111,"column":20}},"24":{"start":{"line":115,"column":26},"end":{"line":115,"column":28}},"25":{"start":{"line":117,"column":4},"end":{"line":125,"column":5}},"26":{"start":{"line":118,"column":6},"end":{"line":120,"column":8}},"27":{"start":{"line":123,"column":6},"end":{"line":123,"column":21}},"28":{"start":{"line":124,"column":6},"end":{"line":124,"column":13}},"29":{"start":{"line":127,"column":4},"end":{"line":127,"column":22}},"30":{"start":{"line":131,"column":22},"end":{"line":131,"column":24}},"31":{"start":{"line":133,"column":4},"end":{"line":142,"column":5}},"32":{"start":{"line":134,"column":21},"end":{"line":136,"column":7}},"33":{"start":{"line":138,"column":6},"end":{"line":138,"column":53}},"34":{"start":{"line":138,"column":44},"end":{"line":138,"column":51}},"35":{"start":{"line":140,"column":6},"end":{"line":140,"column":21}},"36":{"start":{"line":141,"column":6},"end":{"line":141,"column":18}},"37":{"start":{"line":144,"column":4},"end":{"line":144,"column":18}},"38":{"start":{"line":148,"column":24},"end":{"line":148,"column":26}},"39":{"start":{"line":150,"column":4},"end":{"line":160,"column":5}},"40":{"start":{"line":151,"column":6},"end":{"line":153,"column":8}},"41":{"start":{"line":158,"column":6},"end":{"line":158,"column":21}},"42":{"start":{"line":159,"column":6},"end":{"line":159,"column":13}},"43":{"start":{"line":162,"column":4},"end":{"line":162,"column":25}},"44":{"start":{"line":166,"column":24},"end":{"line":166,"column":26}},"45":{"start":{"line":168,"column":4},"end":{"line":179,"column":5}},"46":{"start":{"line":169,"column":6},"end":{"line":171,"column":8}},"47":{"start":{"line":177,"column":6},"end":{"line":177,"column":21}},"48":{"start":{"line":178,"column":6},"end":{"line":178,"column":13}},"49":{"start":{"line":181,"column":4},"end":{"line":181,"column":25}},"50":{"start":{"line":187,"column":4},"end":{"line":193,"column":5}},"51":{"start":{"line":188,"column":6},"end":{"line":188,"column":72}},"52":{"start":{"line":191,"column":6},"end":{"line":191,"column":21}},"53":{"start":{"line":192,"column":6},"end":{"line":192,"column":13}},"54":{"start":{"line":195,"column":4},"end":{"line":195,"column":19}},"55":{"start":{"line":199,"column":4},"end":{"line":205,"column":5}},"56":{"start":{"line":200,"column":6},"end":{"line":200,"column":80}},"57":{"start":{"line":203,"column":6},"end":{"line":203,"column":21}},"58":{"start":{"line":204,"column":6},"end":{"line":204,"column":13}},"59":{"start":{"line":207,"column":4},"end":{"line":207,"column":19}},"60":{"start":{"line":211,"column":24},"end":{"line":211,"column":26}},"61":{"start":{"line":213,"column":4},"end":{"line":228,"column":5}},"62":{"start":{"line":214,"column":6},"end":{"line":225,"column":9}},"63":{"start":{"line":216,"column":8},"end":{"line":223,"column":9}},"64":{"start":{"line":217,"column":10},"end":{"line":217,"column":68}},"65":{"start":{"line":221,"column":10},"end":{"line":221,"column":25}},"66":{"start":{"line":222,"column":10},"end":{"line":222,"column":23}},"67":{"start":{"line":224,"column":8},"end":{"line":224,"column":23}},"68":{"start":{"line":227,"column":6},"end":{"line":227,"column":20}},"69":{"start":{"line":230,"column":4},"end":{"line":230,"column":20}},"70":{"start":{"line":234,"column":19},"end":{"line":236,"column":5}},"71":{"start":{"line":238,"column":4},"end":{"line":238,"column":18}}},"fnMap":{"0":{"name":"(anonymous_0)","decl":{"start":{"line":23,"column":2},"end":{"line":23,"column":3}},"loc":{"start":{"line":23,"column":32},"end":{"line":26,"column":3}},"line":23},"1":{"name":"(anonymous_1)","decl":{"start":{"line":58,"column":2},"end":{"line":58,"column":3}},"loc":{"start":{"line":58,"column":38},"end":{"line":75,"column":3}},"line":58},"2":{"name":"(anonymous_2)","decl":{"start":{"line":69,"column":23},"end":{"line":69,"column":24}},"loc":{"start":{"line":69,"column":41},"end":{"line":69,"column":48}},"line":69},"3":{"name":"(anonymous_3)","decl":{"start":{"line":77,"column":2},"end":{"line":77,"column":3}},"loc":{"start":{"line":77,"column":55},"end":{"line":89,"column":3}},"line":77},"4":{"name":"(anonymous_4)","decl":{"start":{"line":91,"column":2},"end":{"line":91,"column":3}},"loc":{"start":{"line":91,"column":54},"end":{"line":112,"column":3}},"line":91},"5":{"name":"(anonymous_5)","decl":{"start":{"line":95,"column":25},"end":{"line":95,"column":26}},"loc":{"start":{"line":95,"column":39},"end":{"line":106,"column":7}},"line":95},"6":{"name":"(anonymous_6)","decl":{"start":{"line":114,"column":2},"end":{"line":114,"column":3}},"loc":{"start":{"line":114,"column":33},"end":{"line":128,"column":3}},"line":114},"7":{"name":"(anonymous_7)","decl":{"start":{"line":130,"column":2},"end":{"line":130,"column":3}},"loc":{"start":{"line":130,"column":34},"end":{"line":145,"column":3}},"line":130},"8":{"name":"(anonymous_8)","decl":{"start":{"line":138,"column":26},"end":{"line":138,"column":27}},"loc":{"start":{"line":138,"column":44},"end":{"line":138,"column":51}},"line":138},"9":{"name":"(anonymous_9)","decl":{"start":{"line":147,"column":2},"end":{"line":147,"column":3}},"loc":{"start":{"line":147,"column":50},"end":{"line":163,"column":3}},"line":147},"10":{"name":"(anonymous_10)","decl":{"start":{"line":165,"column":2},"end":{"line":165,"column":3}},"loc":{"start":{"line":165,"column":75},"end":{"line":182,"column":3}},"line":165},"11":{"name":"(anonymous_11)","decl":{"start":{"line":184,"column":2},"end":{"line":184,"column":3}},"loc":{"start":{"line":184,"column":36},"end":{"line":196,"column":3}},"line":184},"12":{"name":"(anonymous_12)","decl":{"start":{"line":198,"column":2},"end":{"line":198,"column":3}},"loc":{"start":{"line":198,"column":61},"end":{"line":208,"column":3}},"line":198},"13":{"name":"(anonymous_13)","decl":{"start":{"line":210,"column":2},"end":{"line":210,"column":3}},"loc":{"start":{"line":210,"column":55},"end":{"line":231,"column":3}},"line":210},"14":{"name":"(anonymous_14)","decl":{"start":{"line":214,"column":25},"end":{"line":214,"column":26}},"loc":{"start":{"line":214,"column":39},"end":{"line":225,"column":7}},"line":214},"15":{"name":"(anonymous_15)","decl":{"start":{"line":233,"column":2},"end":{"line":233,"column":3}},"loc":{"start":{"line":233,"column":79},"end":{"line":239,"column":3}},"line":233}},"branchMap":{"0":{"loc":{"start":{"line":233,"column":39},"end":{"line":233,"column":49}},"type":"default-arg","locations":[{"start":{"line":233,"column":47},"end":{"line":233,"column":49}}],"line":233}},"s":{"0":0,"1":0,"2":0,"3":0,"4":0,"5":0,"6":0,"7":0,"8":0,"9":0,"10":0,"11":0,"12":0,"13":0,"14":0,"15":0,"16":0,"17":0,"18":0,"19":0,"20":0,"21":0,"22":0,"23":0,"24":0,"25":0,"26":0,"27":0,"28":0,"29":0,"30":0,"31":0,"32":0,"33":0,"34":0,"35":0,"36":0,"37":0,"38":0,"39":0,"40":0,"41":0,"42":0,"43":0,"44":0,"45":0,"46":0,"47":0,"48":0,"49":0,"50":0,"51":0,"52":0,"53":0,"54":0,"55":0,"56":0,"57":0,"58":0,"59":0,"60":0,"61":0,"62":0,"63":0,"64":0,"65":0,"66":0,"67":0,"68":0,"69":0,"70":0,"71":0},"f":{"0":0,"1":0,"2":0,"3":0,"4":0,"5":0,"6":0,"7":0,"8":0,"9":0,"10":0,"11":0,"12":0,"13":0,"14":0,"15":0},"b":{"0":[0]},"_coverageSchema":"1a1c01bbd47fc00a2c39e90264f33305004495a9","hash":"16f560b1ec9642e9eb421a5247b6efb9bb8db3f2"}
,"/Users/darkmatter/Documents/Projects/real-time-sockets/middleware/src/utils/index.ts": {"path":"/Users/darkmatter/Documents/Projects/real-time-sockets/middleware/src/utils/index.ts","statementMap":{},"fnMap":{},"branchMap":{},"s":{},"f":{},"b":{},"_coverageSchema":"1a1c01bbd47fc00a2c39e90264f33305004495a9","hash":"6b4d0096d924a2d4294db1a4317844f7f89844d7"}
,"/Users/darkmatter/Documents/Projects/real-time-sockets/middleware/src/utils/utils.ts": {"path":"/Users/darkmatter/Documents/Projects/real-time-sockets/middleware/src/utils/utils.ts","statementMap":{"0":{"start":{"line":6,"column":15},"end":{"line":10,"column":4}},"1":{"start":{"line":12,"column":15},"end":{"line":12,"column":39}},"2":{"start":{"line":13,"column":21},"end":{"line":13,"column":50}},"3":{"start":{"line":15,"column":2},"end":{"line":18,"column":4}}},"fnMap":{"0":{"name":"(anonymous_0)","decl":{"start":{"line":5,"column":1},"end":{"line":5,"column":2}},"loc":{"start":{"line":5,"column":41},"end":{"line":19,"column":2}},"line":5}},"branchMap":{},"s":{"0":0,"1":0,"2":0,"3":0},"f":{"0":0},"b":{},"_coverageSchema":"1a1c01bbd47fc00a2c39e90264f33305004495a9","hash":"17f248ed4d6c17ffcfd7bebd7fccf2b4bf52901d"}
,"/Users/darkmatter/Documents/Projects/real-time-sockets/middleware/src/utils/auth/authUtils.ts": {"path":"/Users/darkmatter/Documents/Projects/real-time-sockets/middleware/src/utils/auth/authUtils.ts","statementMap":{"0":{"start":{"line":14,"column":23},"end":{"line":14,"column":33}},"1":{"start":{"line":16,"column":2},"end":{"line":16,"column":57}},"2":{"start":{"line":16,"column":43},"end":{"line":16,"column":57}},"3":{"start":{"line":17,"column":2},"end":{"line":28,"column":3}},"4":{"start":{"line":18,"column":3},"end":{"line":18,"column":102}},"5":{"start":{"line":20,"column":23},"end":{"line":20,"column":72}},"6":{"start":{"line":21,"column":3},"end":{"line":27,"column":4}},"7":{"start":{"line":22,"column":19},"end":{"line":22,"column":71}},"8":{"start":{"line":23,"column":4},"end":{"line":23,"column":47}},"9":{"start":{"line":24,"column":4},"end":{"line":24,"column":11}},"10":{"start":{"line":26,"column":4},"end":{"line":26,"column":106}}},"fnMap":{"0":{"name":"(anonymous_0)","decl":{"start":{"line":13,"column":1},"end":{"line":13,"column":2}},"loc":{"start":{"line":13,"column":106},"end":{"line":29,"column":2}},"line":13}},"branchMap":{"0":{"loc":{"start":{"line":16,"column":2},"end":{"line":16,"column":57}},"type":"if","locations":[{"start":{"line":16,"column":2},"end":{"line":16,"column":57}},{"start":{},"end":{}}],"line":16},"1":{"loc":{"start":{"line":17,"column":2},"end":{"line":28,"column":3}},"type":"if","locations":[{"start":{"line":17,"column":2},"end":{"line":28,"column":3}},{"start":{"line":19,"column":9},"end":{"line":28,"column":3}}],"line":17}},"s":{"0":0,"1":0,"2":0,"3":0,"4":0,"5":0,"6":0,"7":0,"8":0,"9":0,"10":0},"f":{"0":0},"b":{"0":[0,0],"1":[0,0]},"_coverageSchema":"1a1c01bbd47fc00a2c39e90264f33305004495a9","hash":"c6e73b629dcaf4f0aad41968efd6c1972fb571f6"}
,"/Users/darkmatter/Documents/Projects/real-time-sockets/middleware/src/utils/auth/index.ts": {"path":"/Users/darkmatter/Documents/Projects/real-time-sockets/middleware/src/utils/auth/index.ts","statementMap":{},"fnMap":{},"branchMap":{},"s":{},"f":{},"b":{},"_coverageSchema":"1a1c01bbd47fc00a2c39e90264f33305004495a9","hash":"9858f8a336a3b2a0279f8620b140212ebbd8064f"}
,"/Users/darkmatter/Documents/Projects/real-time-sockets/middleware/src/utils/mail-service/index.ts": {"path":"/Users/darkmatter/Documents/Projects/real-time-sockets/middleware/src/utils/mail-service/index.ts","statementMap":{},"fnMap":{},"branchMap":{},"s":{},"f":{},"b":{},"_coverageSchema":"1a1c01bbd47fc00a2c39e90264f33305004495a9","hash":"cfa5242a24b9355d61c40e5fe2b12c716d63fcc4"}
,"/Users/darkmatter/Documents/Projects/real-time-sockets/middleware/src/utils/mail-service/mailService.ts": {"path":"/Users/darkmatter/Documents/Projects/real-time-sockets/middleware/src/utils/mail-service/mailService.ts","statementMap":{"0":{"start":{"line":4,"column":20},"end":{"line":14,"column":2}},"1":{"start":{"line":23,"column":22},"end":{"line":29,"column":3}},"2":{"start":{"line":31,"column":18},"end":{"line":31,"column":57}},"3":{"start":{"line":33,"column":2},"end":{"line":37,"column":3}},"4":{"start":{"line":34,"column":3},"end":{"line":34,"column":25}},"5":{"start":{"line":36,"column":3},"end":{"line":36,"column":64}}},"fnMap":{"0":{"name":"(anonymous_0)","decl":{"start":{"line":17,"column":1},"end":{"line":17,"column":2}},"loc":{"start":{"line":22,"column":17},"end":{"line":39,"column":2}},"line":22}},"branchMap":{"0":{"loc":{"start":{"line":21,"column":2},"end":{"line":21,"column":18}},"type":"default-arg","locations":[{"start":{"line":21,"column":16},"end":{"line":21,"column":18}}],"line":21},"1":{"loc":{"start":{"line":33,"column":2},"end":{"line":37,"column":3}},"type":"if","locations":[{"start":{"line":33,"column":2},"end":{"line":37,"column":3}},{"start":{"line":35,"column":9},"end":{"line":37,"column":3}}],"line":33}},"s":{"0":2,"1":0,"2":0,"3":0,"4":0,"5":0},"f":{"0":0},"b":{"0":[0],"1":[0,0]},"_coverageSchema":"1a1c01bbd47fc00a2c39e90264f33305004495a9","hash":"35f5fd3468e454c568190f0ebc96a51de60c6b35"}
,"/Users/darkmatter/Documents/Projects/real-time-sockets/middleware/src/utils/response-code/index.ts": {"path":"/Users/darkmatter/Documents/Projects/real-time-sockets/middleware/src/utils/response-code/index.ts","statementMap":{},"fnMap":{},"branchMap":{},"s":{},"f":{},"b":{},"_coverageSchema":"1a1c01bbd47fc00a2c39e90264f33305004495a9","hash":"fab1ff186eb48544568c8ab66686489bbfee6eae"}
,"/Users/darkmatter/Documents/Projects/real-time-sockets/middleware/src/utils/response-code/responseCode.ts": {"path":"/Users/darkmatter/Documents/Projects/real-time-sockets/middleware/src/utils/response-code/responseCode.ts","statementMap":{},"fnMap":{},"branchMap":{},"s":{},"f":{},"b":{},"_coverageSchema":"1a1c01bbd47fc00a2c39e90264f33305004495a9","hash":"da3c4df9197b5a1dfdb70506f0acb2eb3e2ab510"}
,"/Users/darkmatter/Documents/Projects/real-time-sockets/middleware/src/utils/service-response/index.ts": {"path":"/Users/darkmatter/Documents/Projects/real-time-sockets/middleware/src/utils/service-response/index.ts","statementMap":{},"fnMap":{},"branchMap":{},"s":{},"f":{},"b":{},"_coverageSchema":"1a1c01bbd47fc00a2c39e90264f33305004495a9","hash":"62e57ad088f6a133588e0c75d987e9dbc14308d7"}
,"/Users/darkmatter/Documents/Projects/real-time-sockets/middleware/src/utils/service-response/serviceResponse.ts": {"path":"/Users/darkmatter/Documents/Projects/real-time-sockets/middleware/src/utils/service-response/serviceResponse.ts","statementMap":{},"fnMap":{},"branchMap":{},"s":{},"f":{},"b":{},"_coverageSchema":"1a1c01bbd47fc00a2c39e90264f33305004495a9","hash":"79aa21620fca832d4d9e60ad261b7a19284b3786"}
}
