TN:
SF:src/configs/appConfigs.ts
FNF:0
FNH:0
DA:3,3
DA:5,3
LF:2
LH:2
BRDA:6,0,0,3
BRDA:6,0,1,0
BRF:2
BRH:1
end_of_record
TN:
SF:src/configs/index.ts
FNF:0
FNH:0
LF:0
LH:0
BRF:0
BRH:0
end_of_record
TN:
SF:src/directus/directus.ts
FN:21,directus_start
FN:32,(anonymous_1)
FN:36,(anonymous_2)
FNF:3
FNH:0
FNDA:0,directus_start
FNDA:0,(anonymous_1)
FNDA:0,(anonymous_2)
DA:14,1
DA:22,0
DA:26,0
DA:27,0
DA:28,0
DA:30,0
DA:33,0
DA:34,0
DA:37,0
DA:38,0
LF:10
LH:1
BRDA:27,0,0,0
BRDA:27,0,1,0
BRDA:28,1,0,0
BRDA:28,1,1,0
BRF:4
BRH:0
end_of_record
TN:
SF:src/directus/index.ts
FNF:0
FNH:0
LF:0
LH:0
BRF:0
BRH:0
end_of_record
TN:
SF:src/services/index.ts
FNF:0
FNH:0
LF:0
LH:0
BRF:0
BRH:0
end_of_record
TN:
SF:src/services/auth/authService.ts
FN:20,(anonymous_0)
FN:26,(anonymous_1)
FN:32,(anonymous_2)
FN:36,(anonymous_3)
FN:54,(anonymous_4)
FN:58,(anonymous_5)
FN:65,(anonymous_6)
FN:137,(anonymous_7)
FN:153,(anonymous_8)
FN:169,(anonymous_9)
FN:219,(anonymous_10)
FN:268,(anonymous_11)
FN:299,(anonymous_12)
FN:368,(anonymous_13)
FN:448,(anonymous_14)
FN:484,(anonymous_15)
FNF:16
FNH:0
FNDA:0,(anonymous_0)
FNDA:0,(anonymous_1)
FNDA:0,(anonymous_2)
FNDA:0,(anonymous_3)
FNDA:0,(anonymous_4)
FNDA:0,(anonymous_5)
FNDA:0,(anonymous_6)
FNDA:0,(anonymous_7)
FNDA:0,(anonymous_8)
FNDA:0,(anonymous_9)
FNDA:0,(anonymous_10)
FNDA:0,(anonymous_11)
FNDA:0,(anonymous_12)
FNDA:0,(anonymous_13)
FNDA:0,(anonymous_14)
FNDA:0,(anonymous_15)
DA:11,1
DA:21,0
DA:22,0
DA:23,0
DA:27,0
DA:33,0
DA:37,0
DA:39,0
DA:48,0
DA:55,0
DA:59,0
DA:60,0
DA:62,0
DA:70,0
DA:71,0
DA:73,0
DA:74,0
DA:80,0
DA:82,0
DA:85,0
DA:86,0
DA:87,0
DA:88,0
DA:90,0
DA:91,0
DA:98,0
DA:100,0
DA:106,0
DA:107,0
DA:114,0
DA:115,0
DA:116,0
DA:117,0
DA:118,0
DA:120,0
DA:121,0
DA:122,0
DA:130,0
DA:138,0
DA:146,0
DA:147,0
DA:150,0
DA:154,0
DA:162,0
DA:163,0
DA:166,0
DA:173,0
DA:175,0
DA:176,0
DA:182,0
DA:183,0
DA:189,0
DA:190,0
DA:195,0
DA:196,0
DA:197,0
DA:199,0
DA:206,0
DA:212,0
DA:224,0
DA:226,0
DA:227,0
DA:247,0
DA:248,0
DA:250,0
DA:251,0
DA:257,0
DA:260,0
DA:261,0
DA:264,0
DA:265,0
DA:268,0
DA:269,0
DA:271,0
DA:272,0
DA:274,0
DA:278,0
DA:280,0
DA:282,0
DA:283,0
DA:289,0
DA:290,0
DA:300,0
DA:301,0
DA:302,0
DA:309,0
DA:310,0
DA:311,0
DA:312,0
DA:314,0
DA:315,0
DA:323,0
DA:327,0
DA:333,0
DA:334,0
DA:335,0
DA:344,0
DA:345,0
DA:347,0
DA:348,0
DA:350,0
DA:351,0
DA:356,0
DA:361,0
DA:371,0
DA:372,0
DA:373,0
DA:379,0
DA:380,0
DA:385,0
DA:388,0
DA:389,0
DA:390,0
DA:391,0
DA:393,0
DA:394,0
DA:401,0
DA:411,0
DA:417,0
DA:418,0
DA:419,0
DA:426,0
DA:427,0
DA:429,0
DA:430,0
DA:431,0
DA:436,0
DA:441,0
DA:452,0
DA:453,0
DA:454,0
DA:460,0
DA:461,0
DA:467,0
DA:469,0
DA:471,0
DA:473,0
DA:475,0
DA:489,0
DA:491,0
DA:493,0
DA:494,0
DA:500,0
DA:501,0
DA:507,0
DA:509,0
DA:511,0
DA:513,0
DA:515,0
LF:149
LH:1
BRDA:73,0,0,0
BRDA:73,0,1,0
BRDA:106,1,0,0
BRDA:106,1,1,0
BRDA:106,2,0,0
BRDA:106,2,1,0
BRDA:146,3,0,0
BRDA:146,3,1,0
BRDA:150,4,0,0
BRDA:150,4,1,0
BRDA:162,5,0,0
BRDA:162,5,1,0
BRDA:166,6,0,0
BRDA:166,6,1,0
BRDA:175,7,0,0
BRDA:175,7,1,0
BRDA:182,8,0,0
BRDA:182,8,1,0
BRDA:195,9,0,0
BRDA:195,9,1,0
BRDA:226,10,0,0
BRDA:226,10,1,0
BRDA:250,11,0,0
BRDA:250,11,1,0
BRDA:260,12,0,0
BRDA:260,12,1,0
BRDA:264,13,0,0
BRDA:264,13,1,0
BRDA:268,14,0,0
BRDA:268,14,1,0
BRDA:271,15,0,0
BRDA:271,15,1,0
BRDA:282,16,0,0
BRDA:282,16,1,0
BRDA:301,17,0,0
BRDA:301,17,1,0
BRDA:333,18,0,0
BRDA:333,18,1,0
BRDA:350,19,0,0
BRDA:350,19,1,0
BRDA:372,20,0,0
BRDA:372,20,1,0
BRDA:379,21,0,0
BRDA:379,21,1,0
BRDA:417,22,0,0
BRDA:417,22,1,0
BRDA:430,23,0,0
BRDA:430,23,1,0
BRDA:453,24,0,0
BRDA:453,24,1,0
BRDA:460,25,0,0
BRDA:460,25,1,0
BRDA:493,26,0,0
BRDA:493,26,1,0
BRDA:500,27,0,0
BRDA:500,27,1,0
BRF:56
BRH:0
end_of_record
TN:
SF:src/services/auth/index.ts
FNF:0
FNH:0
LF:0
LH:0
BRF:0
BRH:0
end_of_record
TN:
SF:src/services/authorization/healthService.ts
FN:4,(anonymous_0)
FNF:1
FNH:1
FNDA:1,(anonymous_0)
DA:5,1
LF:1
LH:1
BRF:0
BRH:0
end_of_record
TN:
SF:src/services/authorization/index.ts
FNF:0
FNH:0
LF:0
LH:0
BRF:0
BRH:0
end_of_record
TN:
SF:src/services/room/index.ts
FNF:0
FNH:0
LF:0
LH:0
BRF:0
BRH:0
end_of_record
TN:
SF:src/services/room/roomService.ts
FN:11,(anonymous_0)
FN:17,(anonymous_1)
FN:33,(anonymous_2)
FN:39,(anonymous_3)
FN:66,(anonymous_4)
FN:110,(anonymous_5)
FN:127,(anonymous_6)
FN:152,(anonymous_7)
FN:173,(anonymous_8)
FN:216,(anonymous_9)
FN:248,(anonymous_10)
FN:263,(anonymous_11)
FNF:12
FNH:6
FNDA:12,(anonymous_0)
FNDA:0,(anonymous_1)
FNDA:1,(anonymous_2)
FNDA:1,(anonymous_3)
FNDA:3,(anonymous_4)
FNDA:0,(anonymous_5)
FNDA:0,(anonymous_6)
FNDA:2,(anonymous_7)
FNDA:0,(anonymous_8)
FNDA:0,(anonymous_9)
FNDA:0,(anonymous_10)
FNDA:2,(anonymous_11)
DA:12,12
DA:13,12
DA:14,12
DA:18,0
DA:26,0
DA:27,0
DA:30,0
DA:34,1
DA:40,1
DA:42,1
DA:44,1
DA:45,1
DA:52,0
DA:58,0
DA:67,3
DA:69,3
DA:71,3
DA:72,3
DA:78,0
DA:79,0
DA:80,0
DA:86,0
DA:90,0
DA:91,0
DA:96,0
DA:98,0
DA:100,0
DA:102,0
DA:111,0
DA:112,0
DA:113,0
DA:119,0
DA:128,0
DA:130,0
DA:132,0
DA:133,0
DA:139,0
DA:141,0
DA:143,0
DA:153,2
DA:155,2
DA:156,1
DA:162,1
DA:164,1
DA:174,0
DA:176,0
DA:178,0
DA:179,0
DA:185,0
DA:187,0
DA:188,0
DA:194,0
DA:195,0
DA:201,0
DA:207,0
DA:217,0
DA:219,0
DA:221,0
DA:222,0
DA:228,0
DA:230,0
DA:231,0
DA:239,0
DA:240,0
DA:248,0
DA:249,0
DA:252,0
DA:253,0
DA:255,0
DA:264,2
DA:266,2
DA:268,2
DA:269,2
DA:275,0
DA:277,0
DA:278,0
DA:284,0
DA:290,0
LF:78
LH:21
BRDA:26,0,0,0
BRDA:26,0,1,0
BRDA:30,1,0,0
BRDA:30,1,1,0
BRDA:44,2,0,1
BRDA:44,2,1,0
BRDA:71,3,0,3
BRDA:71,3,1,0
BRDA:79,4,0,0
BRDA:79,4,1,0
BRDA:90,5,0,0
BRDA:90,5,1,0
BRDA:96,6,0,0
BRDA:96,6,1,0
BRDA:96,7,0,0
BRDA:96,7,1,0
BRDA:112,8,0,0
BRDA:112,8,1,0
BRDA:132,9,0,0
BRDA:132,9,1,0
BRDA:155,10,0,1
BRDA:155,10,1,1
BRDA:178,11,0,0
BRDA:178,11,1,0
BRDA:187,12,0,0
BRDA:187,12,1,0
BRDA:194,13,0,0
BRDA:194,13,1,0
BRDA:221,14,0,0
BRDA:221,14,1,0
BRDA:230,15,0,0
BRDA:230,15,1,0
BRDA:239,16,0,0
BRDA:239,16,1,0
BRDA:268,17,0,2
BRDA:268,17,1,0
BRDA:277,18,0,0
BRDA:277,18,1,0
BRF:38
BRH:5
end_of_record
TN:
SF:src/services/utils/index.ts
FNF:0
FNH:0
LF:0
LH:0
BRF:0
BRH:0
end_of_record
TN:
SF:src/services/utils/simpleDataService.ts
FN:23,(anonymous_0)
FN:58,(anonymous_1)
FN:69,(anonymous_2)
FN:77,(anonymous_3)
FN:91,(anonymous_4)
FN:95,(anonymous_5)
FN:114,(anonymous_6)
FN:130,(anonymous_7)
FN:138,(anonymous_8)
FN:147,(anonymous_9)
FN:165,(anonymous_10)
FN:184,(anonymous_11)
FN:198,(anonymous_12)
FN:210,(anonymous_13)
FN:214,(anonymous_14)
FN:233,(anonymous_15)
FNF:16
FNH:0
FNDA:0,(anonymous_0)
FNDA:0,(anonymous_1)
FNDA:0,(anonymous_2)
FNDA:0,(anonymous_3)
FNDA:0,(anonymous_4)
FNDA:0,(anonymous_5)
FNDA:0,(anonymous_6)
FNDA:0,(anonymous_7)
FNDA:0,(anonymous_8)
FNDA:0,(anonymous_9)
FNDA:0,(anonymous_10)
FNDA:0,(anonymous_11)
FNDA:0,(anonymous_12)
FNDA:0,(anonymous_13)
FNDA:0,(anonymous_14)
FNDA:0,(anonymous_15)
DA:24,0
DA:25,0
DA:59,0
DA:62,0
DA:63,0
DA:69,0
DA:71,0
DA:74,0
DA:78,0
DA:80,0
DA:81,0
DA:84,0
DA:85,0
DA:88,0
DA:92,0
DA:94,0
DA:95,0
DA:97,0
DA:98,0
DA:103,0
DA:105,0
DA:108,0
DA:111,0
DA:115,0
DA:117,0
DA:118,0
DA:123,0
DA:124,0
DA:127,0
DA:131,0
DA:133,0
DA:134,0
DA:138,0
DA:140,0
DA:141,0
DA:144,0
DA:148,0
DA:150,0
DA:151,0
DA:158,0
DA:159,0
DA:162,0
DA:166,0
DA:168,0
DA:169,0
DA:177,0
DA:178,0
DA:181,0
DA:187,0
DA:188,0
DA:191,0
DA:192,0
DA:195,0
DA:199,0
DA:200,0
DA:203,0
DA:204,0
DA:207,0
DA:211,0
DA:213,0
DA:214,0
DA:216,0
DA:217,0
DA:221,0
DA:222,0
DA:224,0
DA:227,0
DA:230,0
DA:234,0
DA:238,0
LF:70
LH:0
BRDA:233,0,0,0
BRF:1
BRH:0
end_of_record
TN:
SF:src/utils/index.ts
FNF:0
FNH:0
LF:0
LH:0
BRF:0
BRH:0
end_of_record
TN:
SF:src/utils/utils.ts
FN:5,(anonymous_0)
FNF:1
FNH:0
FNDA:0,(anonymous_0)
DA:6,0
DA:12,0
DA:13,0
DA:15,0
LF:4
LH:0
BRF:0
BRH:0
end_of_record
TN:
SF:src/utils/auth/authUtils.ts
FN:13,(anonymous_0)
FNF:1
FNH:0
FNDA:0,(anonymous_0)
DA:14,0
DA:16,0
DA:17,0
DA:18,0
DA:20,0
DA:21,0
DA:22,0
DA:23,0
DA:24,0
DA:26,0
LF:10
LH:0
BRDA:16,0,0,0
BRDA:16,0,1,0
BRDA:17,1,0,0
BRDA:17,1,1,0
BRF:4
BRH:0
end_of_record
TN:
SF:src/utils/auth/index.ts
FNF:0
FNH:0
LF:0
LH:0
BRF:0
BRH:0
end_of_record
TN:
SF:src/utils/mail-service/index.ts
FNF:0
FNH:0
LF:0
LH:0
BRF:0
BRH:0
end_of_record
TN:
SF:src/utils/mail-service/mailService.ts
FN:17,(anonymous_0)
FNF:1
FNH:0
FNDA:0,(anonymous_0)
DA:4,2
DA:23,0
DA:31,0
DA:33,0
DA:34,0
DA:36,0
LF:6
LH:1
BRDA:21,0,0,0
BRDA:33,1,0,0
BRDA:33,1,1,0
BRF:3
BRH:0
end_of_record
TN:
SF:src/utils/response-code/index.ts
FNF:0
FNH:0
LF:0
LH:0
BRF:0
BRH:0
end_of_record
TN:
SF:src/utils/response-code/responseCode.ts
FNF:0
FNH:0
LF:0
LH:0
BRF:0
BRH:0
end_of_record
TN:
SF:src/utils/service-response/index.ts
FNF:0
FNH:0
LF:0
LH:0
BRF:0
BRH:0
end_of_record
TN:
SF:src/utils/service-response/serviceResponse.ts
FNF:0
FNH:0
LF:0
LH:0
BRF:0
BRH:0
end_of_record
